47   INFO  [2017-04-25 22:37:46]  Initialized Scheduler Signaller of type: class org.quartz.core.SchedulerSignalerImpl
47   INFO  [2017-04-25 22:37:46]  Quartz Scheduler v.2.2.3 created.
47   INFO  [2017-04-25 22:37:46]  RAMJobStore initialized.
47   INFO  [2017-04-25 22:37:46]  Scheduler meta-data: Quartz Scheduler (v2.2.3) 'DefaultQuartzScheduler' with instanceId 'NON_CLUSTERED'
  Scheduler class: 'org.quartz.core.QuartzScheduler' - running locally.
  NOT STARTED.
  Currently in standby mode.
  Number of jobs executed: 0
  Using thread pool 'org.quartz.simpl.SimpleThreadPool' - with 10 threads.
  Using job-store 'org.quartz.simpl.RAMJobStore' - which does not support persistence. and is not clustered.

47   INFO  [2017-04-25 22:37:46]  Quartz scheduler 'DefaultQuartzScheduler' initialized from default resource file in Quartz package: 'quartz.properties'
47   INFO  [2017-04-25 22:37:46]  Quartz scheduler version: 2.2.3
63   INFO  [2017-04-25 22:37:46]  Scheduler DefaultQuartzScheduler_$_NON_CLUSTERED started.
63   DEBUG [2017-04-25 22:37:46]  batch acquisition of 1 triggers
13616 DEBUG [2017-04-25 22:38:00]  Producing instance of Job 'jgroup1.job1', class=myWeibo.TimeTask_quartz
13631 DEBUG [2017-04-25 22:38:00]  batch acquisition of 1 triggers
13631 DEBUG [2017-04-25 22:38:00]  Calling execute on job jgroup1.job1
13631 INFO  [2017-04-25 22:38:00]  开始执行定时任务---当前时间：Tue Apr 25 22:38:00 CST 2017
16616 DEBUG [2017-04-25 22:38:03]  Producing instance of Job 'jgroup1.job1', class=myWeibo.TimeTask_quartz
16616 DEBUG [2017-04-25 22:38:03]  Calling execute on job jgroup1.job1
16616 DEBUG [2017-04-25 22:38:03]  batch acquisition of 1 triggers
16616 INFO  [2017-04-25 22:38:03]  开始执行定时任务---当前时间：Tue Apr 25 22:38:03 CST 2017
19608 DEBUG [2017-04-25 22:38:06]  Producing instance of Job 'jgroup1.job1', class=myWeibo.TimeTask_quartz
19608 DEBUG [2017-04-25 22:38:06]  Calling execute on job jgroup1.job1
19608 DEBUG [2017-04-25 22:38:06]  batch acquisition of 1 triggers
19608 INFO  [2017-04-25 22:38:06]  开始执行定时任务---当前时间：Tue Apr 25 22:38:06 CST 2017
19764 DEBUG [2017-04-25 22:38:06]  Authorization: OAuth2 2.00FDWjZGNFq2GB7ff66f776188PzwB
19764 DEBUG [2017-04-25 22:38:06]  API-RemoteIP: 192.168.5.103
20077 DEBUG [2017-04-25 22:38:06]  Authorization: OAuth2 2.00FDWjZGNFq2GB7ff66f776188PzwB
20077 DEBUG [2017-04-25 22:38:06]  API-RemoteIP: 192.168.5.103
21514 DEBUG [2017-04-25 22:38:07]  Response:
21514 DEBUG [2017-04-25 22:38:07]  https StatusCode:200
21514 DEBUG [2017-04-25 22:38:07]  Server:nginx/1.6.1
21530 DEBUG [2017-04-25 22:38:07]  Date:Tue, 25 Apr 2017 14:38:05 GMT
21530 DEBUG [2017-04-25 22:38:07]  Content-Type:application/json;charset=UTF-8
21530 DEBUG [2017-04-25 22:38:07]  Transfer-Encoding:chunked
21530 DEBUG [2017-04-25 22:38:07]  Connection:keep-alive
21530 DEBUG [2017-04-25 22:38:07]  Api-Server-IP:10.75.5.96
21530 DEBUG [2017-04-25 22:38:07]  Vary:Accept-Encoding
21530 WARN  [2017-04-25 22:38:07]  Going to buffer response body of large or unknown size. Using getResponseBodyAsStream instead is recommended.
21545 DEBUG [2017-04-25 22:38:07]  {"created_at":"Tue Apr 25 22:38:05 +0800 2017","id":4100551333448992,"mid":"4100551333448992","idstr":"4100551333448992","text":"【贵茶叶】桐乡杭白菊胎菊花茶\n券后：9.9元\n20.00元券：http://t.cn/RXH2FXX\n下单：http://t.cn/RXH2FXM ​","textLength":97,"source_allowclick":0,"source_type":1,"source":"<a href=\"http://open.weibo.com\" rel=\"nofollow\">未通过审核应用</a>","favorited":false,"truncated":false,"in_reply_to_status_id":"","in_reply_to_user_id":"","in_reply_to_screen_name":"","pic_urls":[{"thumbnail_pic":"http://wx1.sinaimg.cn/thumbnail/006zJw35ly1fezaxdxklhj30m80m8431.jpg"}],"thumbnail_pic":"http://wx1.sinaimg.cn/thumbnail/006zJw35ly1fezaxdxklhj30m80m8431.jpg","bmiddle_pic":"http://wx1.sinaimg.cn/bmiddle/006zJw35ly1fezaxdxklhj30m80m8431.jpg","original_pic":"http://wx1.sinaimg.cn/large/006zJw35ly1fezaxdxklhj30m80m8431.jpg","geo":null,"user":{"id":6024816711,"idstr":"6024816711","class":1,"screen_name":"二师兄挑白菜","name":"二师兄挑白菜","province":"35","city":"1","location":"福建 福州","description":"分享最新的天猫折扣商品，总有你喜欢的~想要其它的优惠卷可以任意微博下回复我~","url":"","profile_image_url":"http://tva4.sinaimg.cn/crop.9.0.696.696.50/006zJw35gw1faimm5t9o0j30jn0jngok.jpg","cover_image_phone":"http://ww1.sinaimg.cn/crop.0.0.640.640.640/549d0121tw1egm1kjly3jj20hs0hsq4f.jpg","profile_url":"u/6024816711","domain":"","weihao":"","gender":"m","followers_count":2058,"friends_count":613,"pagefriends_count":0,"statuses_count":2965,"favourites_count":0,"created_at":"Fri Dec 02 16:02:17 +0800 2016","following":false,"allow_all_act_msg":false,"geo_enabled":true,"verified":false,"verified_type":-1,"remark":"","insecurity":{"sexual_content":false},"ptype":0,"allow_all_comment":true,"avatar_large":"http://tva4.sinaimg.cn/crop.9.0.696.696.180/006zJw35gw1faimm5t9o0j30jn0jngok.jpg","avatar_hd":"http://tva4.sinaimg.cn/crop.9.0.696.696.1024/006zJw35gw1faimm5t9o0j30jn0jngok.jpg","verified_reason":"","verified_trade":"","verified_reason_url":"","verified_source":"","verified_source_url":"","follow_me":false,"online_status":0,"bi_followers_count":177,"lang":"zh-cn","star":0,"mbtype":0,"mbrank":0,"block_word":0,"block_app":0,"credit_score":80,"user_ability":4,"urank":13},"reposts_count":0,"comments_count":0,"attitudes_count":0,"isLongText":false,"mlevel":0,"visible":{"type":0,"list_id":0},"biz_feature":0,"hasActionTypeCard":0,"darwin_tags":[],"hot_weibo_tags":[],"text_tag_tips":[],"userType":590081,"positive_recom_flag":0,"gif_ids":null,"is_show_bulletin":2}

21561 INFO  [2017-04-25 22:38:07]  Status [user=User [id=6024816711, screenName=二师兄挑白菜, name=二师兄挑白菜, province=35, city=1, location=福建 福州, description=分享最新的天猫折扣商品，总有你喜欢的~想要其它的优惠卷可以任意微博下回复我~, url=, profileImageUrl=http://tva4.sinaimg.cn/crop.9.0.696.696.50/006zJw35gw1faimm5t9o0j30jn0jngok.jpg, userDomain=, gender=m, followersCount=2058, friendsCount=613, statusesCount=2965, favouritesCount=0, createdAt=Fri Dec 02 16:02:17 CST 2016, following=false, verified=false, verifiedType=-1, allowAllActMsg=false, allowAllComment=true, followMe=false, avatarLarge=http://tva4.sinaimg.cn/crop.9.0.696.696.180/006zJw35gw1faimm5t9o0j30jn0jngok.jpg, onlineStatus=0, status=null, biFollowersCount=177, remark=null, lang=zh-cn, verifiedReason=, weihao=, statusId=], idstr=4100551333448992, createdAt=Tue Apr 25 22:38:05 CST 2017, id=4100551333448992, text=【贵茶叶】桐乡杭白菊胎菊花茶
券后：9.9元
20.00元券：http://t.cn/RXH2FXX
下单：http://t.cn/RXH2FXM ​, source=Source [url=http://open.weibo.com, relationShip=nofollow, name=未通过审核应用], favorited=false, truncated=false, inReplyToStatusId=-1, inReplyToUserId=-1, inReplyToScreenName=, thumbnailPic=http://wx1.sinaimg.cn/thumbnail/006zJw35ly1fezaxdxklhj30m80m8431.jpg, bmiddlePic=http://wx1.sinaimg.cn/bmiddle/006zJw35ly1fezaxdxklhj30m80m8431.jpg, originalPic=http://wx1.sinaimg.cn/large/006zJw35ly1fezaxdxklhj30m80m8431.jpg, retweetedStatus=null, geo=null, latitude=-1.0, longitude=-1.0, repostsCount=0, commentsCount=0, mid=4100551333448992, annotations=, mlevel=0, visible=Visible [type=0, list_id=0]]
21561 INFO  [2017-04-25 22:38:07]  当前进度：1/53
21577 DEBUG [2017-04-25 22:38:07]  Response:
21577 DEBUG [2017-04-25 22:38:07]  https StatusCode:400
21577 DEBUG [2017-04-25 22:38:07]  Server:nginx/1.6.1
21577 DEBUG [2017-04-25 22:38:07]  Date:Tue, 25 Apr 2017 14:38:06 GMT
21577 DEBUG [2017-04-25 22:38:07]  Content-Type:application/json;charset=UTF-8
21577 DEBUG [2017-04-25 22:38:07]  Transfer-Encoding:chunked
21577 DEBUG [2017-04-25 22:38:07]  Connection:keep-alive
21577 DEBUG [2017-04-25 22:38:07]  Api-Server-IP:10.77.9.139
21577 DEBUG [2017-04-25 22:38:07]  Vary:Accept-Encoding
21577 WARN  [2017-04-25 22:38:07]  Going to buffer response body of large or unknown size. Using getResponseBodyAsStream instead is recommended.
21577 DEBUG [2017-04-25 22:38:07]  {"error":"update weibo too fast!","error_code":20016,"request":"/2/statuses/upload.json"}

21577 INFO  [2017-04-25 22:38:07]  当前进度：1/53
22327 DEBUG [2017-04-25 22:38:08]  Authorization: OAuth2 2.00FDWjZGNFq2GB7ff66f776188PzwB
22327 DEBUG [2017-04-25 22:38:08]  API-RemoteIP: 192.168.5.103
22608 DEBUG [2017-04-25 22:38:09]  Producing instance of Job 'jgroup1.job1', class=myWeibo.TimeTask_quartz
22608 DEBUG [2017-04-25 22:38:09]  Calling execute on job jgroup1.job1
22608 INFO  [2017-04-25 22:38:09]  开始执行定时任务---当前时间：Tue Apr 25 22:38:09 CST 2017
22608 DEBUG [2017-04-25 22:38:09]  batch acquisition of 1 triggers
23124 DEBUG [2017-04-25 22:38:09]  Response:
23124 DEBUG [2017-04-25 22:38:09]  https StatusCode:200
23124 DEBUG [2017-04-25 22:38:09]  Server:nginx/1.6.1
23124 DEBUG [2017-04-25 22:38:09]  Date:Tue, 25 Apr 2017 14:38:07 GMT
23124 DEBUG [2017-04-25 22:38:09]  Content-Type:application/json;charset=UTF-8
23124 DEBUG [2017-04-25 22:38:09]  Transfer-Encoding:chunked
23139 DEBUG [2017-04-25 22:38:09]  Connection:keep-alive
23139 DEBUG [2017-04-25 22:38:09]  Api-Server-IP:10.75.5.67
23139 DEBUG [2017-04-25 22:38:09]  Authorization: OAuth2 2.00FDWjZGNFq2GB7ff66f776188PzwB
23139 DEBUG [2017-04-25 22:38:09]  Vary:Accept-Encoding
23139 WARN  [2017-04-25 22:38:09]  Going to buffer response body of large or unknown size. Using getResponseBodyAsStream instead is recommended.
23139 DEBUG [2017-04-25 22:38:09]  API-RemoteIP: 192.168.5.103
23139 DEBUG [2017-04-25 22:38:09]  {"created_at":"Tue Apr 25 22:38:07 +0800 2017","id":4100551341851816,"mid":"4100551341851816","idstr":"4100551341851816","text":"【贵茶叶】桐乡杭白菊胎菊花茶\n券后：9.9元\n20.00元券：http://t.cn/RXH2FXX\n下单：http://t.cn/RXH2FXM ​","textLength":97,"source_allowclick":0,"source_type":1,"source":"<a href=\"http://open.weibo.com\" rel=\"nofollow\">未通过审核应用</a>","favorited":false,"truncated":false,"in_reply_to_status_id":"","in_reply_to_user_id":"","in_reply_to_screen_name":"","pic_urls":[{"thumbnail_pic":"http://wx2.sinaimg.cn/thumbnail/006zJw35ly1fezaxf041xj30m80m8431.jpg"}],"thumbnail_pic":"http://wx2.sinaimg.cn/thumbnail/006zJw35ly1fezaxf041xj30m80m8431.jpg","bmiddle_pic":"http://wx2.sinaimg.cn/bmiddle/006zJw35ly1fezaxf041xj30m80m8431.jpg","original_pic":"http://wx2.sinaimg.cn/large/006zJw35ly1fezaxf041xj30m80m8431.jpg","geo":null,"user":{"id":6024816711,"idstr":"6024816711","class":1,"screen_name":"二师兄挑白菜","name":"二师兄挑白菜","province":"35","city":"1","location":"福建 福州","description":"分享最新的天猫折扣商品，总有你喜欢的~想要其它的优惠卷可以任意微博下回复我~","url":"","profile_image_url":"http://tva4.sinaimg.cn/crop.9.0.696.696.50/006zJw35gw1faimm5t9o0j30jn0jngok.jpg","cover_image_phone":"http://ww1.sinaimg.cn/crop.0.0.640.640.640/549d0121tw1egm1kjly3jj20hs0hsq4f.jpg","profile_url":"u/6024816711","domain":"","weihao":"","gender":"m","followers_count":2058,"friends_count":613,"pagefriends_count":0,"statuses_count":2965,"favourites_count":0,"created_at":"Fri Dec 02 16:02:17 +0800 2016","following":false,"allow_all_act_msg":false,"geo_enabled":true,"verified":false,"verified_type":-1,"remark":"","insecurity":{"sexual_content":false},"ptype":0,"allow_all_comment":true,"avatar_large":"http://tva4.sinaimg.cn/crop.9.0.696.696.180/006zJw35gw1faimm5t9o0j30jn0jngok.jpg","avatar_hd":"http://tva4.sinaimg.cn/crop.9.0.696.696.1024/006zJw35gw1faimm5t9o0j30jn0jngok.jpg","verified_reason":"","verified_trade":"","verified_reason_url":"","verified_source":"","verified_source_url":"","follow_me":false,"online_status":0,"bi_followers_count":177,"lang":"zh-cn","star":0,"mbtype":0,"mbrank":0,"block_word":0,"block_app":0,"credit_score":80,"user_ability":4,"urank":13},"reposts_count":0,"comments_count":0,"attitudes_count":0,"isLongText":false,"mlevel":0,"visible":{"type":0,"list_id":0},"biz_feature":0,"hasActionTypeCard":0,"darwin_tags":[],"hot_weibo_tags":[],"text_tag_tips":[],"userType":590081,"positive_recom_flag":0,"gif_ids":null,"is_show_bulletin":2}

23139 INFO  [2017-04-25 22:38:09]  Status [user=User [id=6024816711, screenName=二师兄挑白菜, name=二师兄挑白菜, province=35, city=1, location=福建 福州, description=分享最新的天猫折扣商品，总有你喜欢的~想要其它的优惠卷可以任意微博下回复我~, url=, profileImageUrl=http://tva4.sinaimg.cn/crop.9.0.696.696.50/006zJw35gw1faimm5t9o0j30jn0jngok.jpg, userDomain=, gender=m, followersCount=2058, friendsCount=613, statusesCount=2965, favouritesCount=0, createdAt=Fri Dec 02 16:02:17 CST 2016, following=false, verified=false, verifiedType=-1, allowAllActMsg=false, allowAllComment=true, followMe=false, avatarLarge=http://tva4.sinaimg.cn/crop.9.0.696.696.180/006zJw35gw1faimm5t9o0j30jn0jngok.jpg, onlineStatus=0, status=null, biFollowersCount=177, remark=null, lang=zh-cn, verifiedReason=, weihao=, statusId=], idstr=4100551341851816, createdAt=Tue Apr 25 22:38:07 CST 2017, id=4100551341851816, text=【贵茶叶】桐乡杭白菊胎菊花茶
券后：9.9元
20.00元券：http://t.cn/RXH2FXX
下单：http://t.cn/RXH2FXM ​, source=Source [url=http://open.weibo.com, relationShip=nofollow, name=未通过审核应用], favorited=false, truncated=false, inReplyToStatusId=-1, inReplyToUserId=-1, inReplyToScreenName=, thumbnailPic=http://wx2.sinaimg.cn/thumbnail/006zJw35ly1fezaxf041xj30m80m8431.jpg, bmiddlePic=http://wx2.sinaimg.cn/bmiddle/006zJw35ly1fezaxf041xj30m80m8431.jpg, originalPic=http://wx2.sinaimg.cn/large/006zJw35ly1fezaxf041xj30m80m8431.jpg, retweetedStatus=null, geo=null, latitude=-1.0, longitude=-1.0, repostsCount=0, commentsCount=0, mid=4100551341851816, annotations=, mlevel=0, visible=Visible [type=0, list_id=0]]
23155 INFO  [2017-04-25 22:38:09]  当前进度：1/53
23780 DEBUG [2017-04-25 22:38:10]  Response:
23780 DEBUG [2017-04-25 22:38:10]  https StatusCode:400
23780 DEBUG [2017-04-25 22:38:10]  Server:nginx/1.6.1
23780 DEBUG [2017-04-25 22:38:10]  Date:Tue, 25 Apr 2017 14:38:08 GMT
23780 DEBUG [2017-04-25 22:38:10]  Content-Type:application/json;charset=UTF-8
23780 DEBUG [2017-04-25 22:38:10]  Transfer-Encoding:chunked
23780 DEBUG [2017-04-25 22:38:10]  Connection:keep-alive
23780 DEBUG [2017-04-25 22:38:10]  Api-Server-IP:10.77.9.138
23780 DEBUG [2017-04-25 22:38:10]  Vary:Accept-Encoding
23780 WARN  [2017-04-25 22:38:10]  Going to buffer response body of large or unknown size. Using getResponseBodyAsStream instead is recommended.
23780 DEBUG [2017-04-25 22:38:10]  {"error":"update weibo too fast!","error_code":20016,"request":"/2/statuses/upload.json"}

23780 INFO  [2017-04-25 22:38:10]  当前进度：1/53
25611 DEBUG [2017-04-25 22:38:12]  Producing instance of Job 'jgroup1.job1', class=myWeibo.TimeTask_quartz
25611 DEBUG [2017-04-25 22:38:12]  Calling execute on job jgroup1.job1
25611 DEBUG [2017-04-25 22:38:12]  batch acquisition of 1 triggers
25611 INFO  [2017-04-25 22:38:12]  开始执行定时任务---当前时间：Tue Apr 25 22:38:12 CST 2017
27283 DEBUG [2017-04-25 22:38:13]  Authorization: OAuth2 2.00FDWjZGNFq2GB7ff66f776188PzwB
27283 DEBUG [2017-04-25 22:38:13]  API-RemoteIP: 192.168.5.103
28158 DEBUG [2017-04-25 22:38:14]  Response:
28158 DEBUG [2017-04-25 22:38:14]  https StatusCode:200
28158 DEBUG [2017-04-25 22:38:14]  Server:nginx/1.6.1
28158 DEBUG [2017-04-25 22:38:14]  Date:Tue, 25 Apr 2017 14:38:12 GMT
28158 DEBUG [2017-04-25 22:38:14]  Content-Type:application/json;charset=UTF-8
28158 DEBUG [2017-04-25 22:38:14]  Transfer-Encoding:chunked
28158 DEBUG [2017-04-25 22:38:14]  Connection:keep-alive
28174 DEBUG [2017-04-25 22:38:14]  Api-Server-IP:10.75.5.112
28174 DEBUG [2017-04-25 22:38:14]  Vary:Accept-Encoding
28174 WARN  [2017-04-25 22:38:14]  Going to buffer response body of large or unknown size. Using getResponseBodyAsStream instead is recommended.
28174 DEBUG [2017-04-25 22:38:14]  {"created_at":"Tue Apr 25 22:38:12 +0800 2017","id":4100551363199919,"mid":"4100551363199919","idstr":"4100551363199919","text":"【贵茶叶】桐乡杭白菊胎菊花茶\n券后：9.9元\n20.00元券：http://t.cn/RXH2FXX\n下单：http://t.cn/RXH2FXM ​","textLength":97,"source_allowclick":0,"source_type":1,"source":"<a href=\"http://open.weibo.com\" rel=\"nofollow\">未通过审核应用</a>","favorited":false,"truncated":false,"in_reply_to_status_id":"","in_reply_to_user_id":"","in_reply_to_screen_name":"","pic_urls":[{"thumbnail_pic":"http://wx4.sinaimg.cn/thumbnail/006zJw35ly1fezaxi1xtxj30m80m8431.jpg"}],"thumbnail_pic":"http://wx4.sinaimg.cn/thumbnail/006zJw35ly1fezaxi1xtxj30m80m8431.jpg","bmiddle_pic":"http://wx4.sinaimg.cn/bmiddle/006zJw35ly1fezaxi1xtxj30m80m8431.jpg","original_pic":"http://wx4.sinaimg.cn/large/006zJw35ly1fezaxi1xtxj30m80m8431.jpg","geo":null,"user":{"id":6024816711,"idstr":"6024816711","class":1,"screen_name":"二师兄挑白菜","name":"二师兄挑白菜","province":"35","city":"1","location":"福建 福州","description":"分享最新的天猫折扣商品，总有你喜欢的~想要其它的优惠卷可以任意微博下回复我~","url":"","profile_image_url":"http://tva4.sinaimg.cn/crop.9.0.696.696.50/006zJw35gw1faimm5t9o0j30jn0jngok.jpg","cover_image_phone":"http://ww1.sinaimg.cn/crop.0.0.640.640.640/549d0121tw1egm1kjly3jj20hs0hsq4f.jpg","profile_url":"u/6024816711","domain":"","weihao":"","gender":"m","followers_count":2058,"friends_count":613,"pagefriends_count":0,"statuses_count":2965,"favourites_count":0,"created_at":"Fri Dec 02 16:02:17 +0800 2016","following":false,"allow_all_act_msg":false,"geo_enabled":true,"verified":false,"verified_type":-1,"remark":"","insecurity":{"sexual_content":false},"ptype":0,"allow_all_comment":true,"avatar_large":"http://tva4.sinaimg.cn/crop.9.0.696.696.180/006zJw35gw1faimm5t9o0j30jn0jngok.jpg","avatar_hd":"http://tva4.sinaimg.cn/crop.9.0.696.696.1024/006zJw35gw1faimm5t9o0j30jn0jngok.jpg","verified_reason":"","verified_trade":"","verified_reason_url":"","verified_source":"","verified_source_url":"","follow_me":false,"online_status":0,"bi_followers_count":177,"lang":"zh-cn","star":0,"mbtype":0,"mbrank":0,"block_word":0,"block_app":0,"credit_score":80,"user_ability":4,"urank":13},"reposts_count":0,"comments_count":0,"attitudes_count":0,"isLongText":false,"mlevel":0,"visible":{"type":0,"list_id":0},"biz_feature":0,"hasActionTypeCard":0,"darwin_tags":[],"hot_weibo_tags":[],"text_tag_tips":[],"userType":590081,"positive_recom_flag":0,"gif_ids":null,"is_show_bulletin":2}

28174 INFO  [2017-04-25 22:38:14]  Status [user=User [id=6024816711, screenName=二师兄挑白菜, name=二师兄挑白菜, province=35, city=1, location=福建 福州, description=分享最新的天猫折扣商品，总有你喜欢的~想要其它的优惠卷可以任意微博下回复我~, url=, profileImageUrl=http://tva4.sinaimg.cn/crop.9.0.696.696.50/006zJw35gw1faimm5t9o0j30jn0jngok.jpg, userDomain=, gender=m, followersCount=2058, friendsCount=613, statusesCount=2965, favouritesCount=0, createdAt=Fri Dec 02 16:02:17 CST 2016, following=false, verified=false, verifiedType=-1, allowAllActMsg=false, allowAllComment=true, followMe=false, avatarLarge=http://tva4.sinaimg.cn/crop.9.0.696.696.180/006zJw35gw1faimm5t9o0j30jn0jngok.jpg, onlineStatus=0, status=null, biFollowersCount=177, remark=null, lang=zh-cn, verifiedReason=, weihao=, statusId=], idstr=4100551363199919, createdAt=Tue Apr 25 22:38:12 CST 2017, id=4100551363199919, text=【贵茶叶】桐乡杭白菊胎菊花茶
券后：9.9元
20.00元券：http://t.cn/RXH2FXX
下单：http://t.cn/RXH2FXM ​, source=Source [url=http://open.weibo.com, relationShip=nofollow, name=未通过审核应用], favorited=false, truncated=false, inReplyToStatusId=-1, inReplyToUserId=-1, inReplyToScreenName=, thumbnailPic=http://wx4.sinaimg.cn/thumbnail/006zJw35ly1fezaxi1xtxj30m80m8431.jpg, bmiddlePic=http://wx4.sinaimg.cn/bmiddle/006zJw35ly1fezaxi1xtxj30m80m8431.jpg, originalPic=http://wx4.sinaimg.cn/large/006zJw35ly1fezaxi1xtxj30m80m8431.jpg, retweetedStatus=null, geo=null, latitude=-1.0, longitude=-1.0, repostsCount=0, commentsCount=0, mid=4100551363199919, annotations=, mlevel=0, visible=Visible [type=0, list_id=0]]
28189 INFO  [2017-04-25 22:38:14]  当前进度：1/53
28611 DEBUG [2017-04-25 22:38:15]  Producing instance of Job 'jgroup1.job1', class=myWeibo.TimeTask_quartz
28611 DEBUG [2017-04-25 22:38:15]  Calling execute on job jgroup1.job1
28611 DEBUG [2017-04-25 22:38:15]  batch acquisition of 1 triggers
28611 INFO  [2017-04-25 22:38:15]  开始执行定时任务---当前时间：Tue Apr 25 22:38:15 CST 2017
29158 DEBUG [2017-04-25 22:38:15]  Authorization: OAuth2 2.00FDWjZGNFq2GB7ff66f776188PzwB
29158 DEBUG [2017-04-25 22:38:15]  API-RemoteIP: 192.168.5.103
30002 DEBUG [2017-04-25 22:38:16]  Response:
30002 DEBUG [2017-04-25 22:38:16]  https StatusCode:200
30002 DEBUG [2017-04-25 22:38:16]  Server:nginx/1.6.1
30002 DEBUG [2017-04-25 22:38:16]  Date:Tue, 25 Apr 2017 14:38:14 GMT
30002 DEBUG [2017-04-25 22:38:16]  Content-Type:application/json;charset=UTF-8
30002 DEBUG [2017-04-25 22:38:16]  Transfer-Encoding:chunked
30002 DEBUG [2017-04-25 22:38:16]  Connection:keep-alive
30002 DEBUG [2017-04-25 22:38:16]  Api-Server-IP:10.77.9.140
30002 DEBUG [2017-04-25 22:38:16]  Vary:Accept-Encoding
30002 WARN  [2017-04-25 22:38:16]  Going to buffer response body of large or unknown size. Using getResponseBodyAsStream instead is recommended.
30002 DEBUG [2017-04-25 22:38:16]  {"created_at":"Tue Apr 25 22:38:14 +0800 2017","id":4100551371605842,"mid":"4100551371605842","idstr":"4100551371605842","text":"【贵茶叶】桐乡杭白菊胎菊花茶\n券后：9.9元\n20.00元券：http://t.cn/RXH2FXX\n下单：http://t.cn/RXH2FXM ​","textLength":97,"source_allowclick":0,"source_type":1,"source":"<a href=\"http://open.weibo.com\" rel=\"nofollow\">未通过审核应用</a>","favorited":false,"truncated":false,"in_reply_to_status_id":"","in_reply_to_user_id":"","in_reply_to_screen_name":"","pic_urls":[{"thumbnail_pic":"http://wx4.sinaimg.cn/thumbnail/006zJw35ly1fezaxj70xxj30m80m8431.jpg"}],"thumbnail_pic":"http://wx4.sinaimg.cn/thumbnail/006zJw35ly1fezaxj70xxj30m80m8431.jpg","bmiddle_pic":"http://wx4.sinaimg.cn/bmiddle/006zJw35ly1fezaxj70xxj30m80m8431.jpg","original_pic":"http://wx4.sinaimg.cn/large/006zJw35ly1fezaxj70xxj30m80m8431.jpg","geo":null,"user":{"id":6024816711,"idstr":"6024816711","class":1,"screen_name":"二师兄挑白菜","name":"二师兄挑白菜","province":"35","city":"1","location":"福建 福州","description":"分享最新的天猫折扣商品，总有你喜欢的~想要其它的优惠卷可以任意微博下回复我~","url":"","profile_image_url":"http://tva4.sinaimg.cn/crop.9.0.696.696.50/006zJw35gw1faimm5t9o0j30jn0jngok.jpg","cover_image_phone":"http://ww1.sinaimg.cn/crop.0.0.640.640.640/549d0121tw1egm1kjly3jj20hs0hsq4f.jpg","profile_url":"u/6024816711","domain":"","weihao":"","gender":"m","followers_count":2058,"friends_count":613,"pagefriends_count":0,"statuses_count":2965,"favourites_count":0,"created_at":"Fri Dec 02 16:02:17 +0800 2016","following":false,"allow_all_act_msg":false,"geo_enabled":true,"verified":false,"verified_type":-1,"remark":"","insecurity":{"sexual_content":false},"ptype":0,"allow_all_comment":true,"avatar_large":"http://tva4.sinaimg.cn/crop.9.0.696.696.180/006zJw35gw1faimm5t9o0j30jn0jngok.jpg","avatar_hd":"http://tva4.sinaimg.cn/crop.9.0.696.696.1024/006zJw35gw1faimm5t9o0j30jn0jngok.jpg","verified_reason":"","verified_trade":"","verified_reason_url":"","verified_source":"","verified_source_url":"","follow_me":false,"online_status":0,"bi_followers_count":177,"lang":"zh-cn","star":0,"mbtype":0,"mbrank":0,"block_word":0,"block_app":0,"credit_score":80,"user_ability":4,"urank":13},"reposts_count":0,"comments_count":0,"attitudes_count":0,"isLongText":false,"mlevel":0,"visible":{"type":0,"list_id":0},"biz_feature":0,"hasActionTypeCard":0,"darwin_tags":[],"hot_weibo_tags":[],"text_tag_tips":[],"userType":590081,"positive_recom_flag":0,"gif_ids":null,"is_show_bulletin":2}

30018 INFO  [2017-04-25 22:38:16]  Status [user=User [id=6024816711, screenName=二师兄挑白菜, name=二师兄挑白菜, province=35, city=1, location=福建 福州, description=分享最新的天猫折扣商品，总有你喜欢的~想要其它的优惠卷可以任意微博下回复我~, url=, profileImageUrl=http://tva4.sinaimg.cn/crop.9.0.696.696.50/006zJw35gw1faimm5t9o0j30jn0jngok.jpg, userDomain=, gender=m, followersCount=2058, friendsCount=613, statusesCount=2965, favouritesCount=0, createdAt=Fri Dec 02 16:02:17 CST 2016, following=false, verified=false, verifiedType=-1, allowAllActMsg=false, allowAllComment=true, followMe=false, avatarLarge=http://tva4.sinaimg.cn/crop.9.0.696.696.180/006zJw35gw1faimm5t9o0j30jn0jngok.jpg, onlineStatus=0, status=null, biFollowersCount=177, remark=null, lang=zh-cn, verifiedReason=, weihao=, statusId=], idstr=4100551371605842, createdAt=Tue Apr 25 22:38:14 CST 2017, id=4100551371605842, text=【贵茶叶】桐乡杭白菊胎菊花茶
券后：9.9元
20.00元券：http://t.cn/RXH2FXX
下单：http://t.cn/RXH2FXM ​, source=Source [url=http://open.weibo.com, relationShip=nofollow, name=未通过审核应用], favorited=false, truncated=false, inReplyToStatusId=-1, inReplyToUserId=-1, inReplyToScreenName=, thumbnailPic=http://wx4.sinaimg.cn/thumbnail/006zJw35ly1fezaxj70xxj30m80m8431.jpg, bmiddlePic=http://wx4.sinaimg.cn/bmiddle/006zJw35ly1fezaxj70xxj30m80m8431.jpg, originalPic=http://wx4.sinaimg.cn/large/006zJw35ly1fezaxj70xxj30m80m8431.jpg, retweetedStatus=null, geo=null, latitude=-1.0, longitude=-1.0, repostsCount=0, commentsCount=0, mid=4100551371605842, annotations=, mlevel=0, visible=Visible [type=0, list_id=0]]
30018 INFO  [2017-04-25 22:38:16]  当前进度：1/53
31612 DEBUG [2017-04-25 22:38:18]  Producing instance of Job 'jgroup1.job1', class=myWeibo.TimeTask_quartz
31612 DEBUG [2017-04-25 22:38:18]  Calling execute on job jgroup1.job1
31612 DEBUG [2017-04-25 22:38:18]  batch acquisition of 1 triggers
31612 INFO  [2017-04-25 22:38:18]  开始执行定时任务---当前时间：Tue Apr 25 22:38:18 CST 2017
33393 DEBUG [2017-04-25 22:38:19]  Authorization: OAuth2 2.00FDWjZGNFq2GB7ff66f776188PzwB
33393 DEBUG [2017-04-25 22:38:19]  API-RemoteIP: 192.168.5.103
34096 DEBUG [2017-04-25 22:38:20]  Response:
34096 DEBUG [2017-04-25 22:38:20]  https StatusCode:200
34096 DEBUG [2017-04-25 22:38:20]  Server:nginx/1.6.1
34096 DEBUG [2017-04-25 22:38:20]  Date:Tue, 25 Apr 2017 14:38:18 GMT
34096 DEBUG [2017-04-25 22:38:20]  Content-Type:application/json;charset=UTF-8
34096 DEBUG [2017-04-25 22:38:20]  Transfer-Encoding:chunked
34096 DEBUG [2017-04-25 22:38:20]  Connection:keep-alive
34096 DEBUG [2017-04-25 22:38:20]  Api-Server-IP:10.77.9.141
34096 DEBUG [2017-04-25 22:38:20]  Vary:Accept-Encoding
34096 WARN  [2017-04-25 22:38:20]  Going to buffer response body of large or unknown size. Using getResponseBodyAsStream instead is recommended.
34096 DEBUG [2017-04-25 22:38:20]  {"created_at":"Tue Apr 25 22:38:18 +0800 2017","id":4100551388564807,"mid":"4100551388564807","idstr":"4100551388564807","text":"【贵茶叶】桐乡杭白菊胎菊花茶\n券后：9.9元\n20.00元券：http://t.cn/RXH2FXX\n下单：http://t.cn/RXH2FXM ​","textLength":97,"source_allowclick":0,"source_type":1,"source":"<a href=\"http://open.weibo.com\" rel=\"nofollow\">未通过审核应用</a>","favorited":false,"truncated":false,"in_reply_to_status_id":"","in_reply_to_user_id":"","in_reply_to_screen_name":"","pic_urls":[{"thumbnail_pic":"http://wx2.sinaimg.cn/thumbnail/006zJw35ly1fezaxltu9xj30m80m8431.jpg"}],"thumbnail_pic":"http://wx2.sinaimg.cn/thumbnail/006zJw35ly1fezaxltu9xj30m80m8431.jpg","bmiddle_pic":"http://wx2.sinaimg.cn/bmiddle/006zJw35ly1fezaxltu9xj30m80m8431.jpg","original_pic":"http://wx2.sinaimg.cn/large/006zJw35ly1fezaxltu9xj30m80m8431.jpg","geo":null,"user":{"id":6024816711,"idstr":"6024816711","class":1,"screen_name":"二师兄挑白菜","name":"二师兄挑白菜","province":"35","city":"1","location":"福建 福州","description":"分享最新的天猫折扣商品，总有你喜欢的~想要其它的优惠卷可以任意微博下回复我~","url":"","profile_image_url":"http://tva4.sinaimg.cn/crop.9.0.696.696.50/006zJw35gw1faimm5t9o0j30jn0jngok.jpg","cover_image_phone":"http://ww1.sinaimg.cn/crop.0.0.640.640.640/549d0121tw1egm1kjly3jj20hs0hsq4f.jpg","profile_url":"u/6024816711","domain":"","weihao":"","gender":"m","followers_count":2058,"friends_count":613,"pagefriends_count":0,"statuses_count":2965,"favourites_count":0,"created_at":"Fri Dec 02 16:02:17 +0800 2016","following":false,"allow_all_act_msg":false,"geo_enabled":true,"verified":false,"verified_type":-1,"remark":"","insecurity":{"sexual_content":false},"ptype":0,"allow_all_comment":true,"avatar_large":"http://tva4.sinaimg.cn/crop.9.0.696.696.180/006zJw35gw1faimm5t9o0j30jn0jngok.jpg","avatar_hd":"http://tva4.sinaimg.cn/crop.9.0.696.696.1024/006zJw35gw1faimm5t9o0j30jn0jngok.jpg","verified_reason":"","verified_trade":"","verified_reason_url":"","verified_source":"","verified_source_url":"","follow_me":false,"online_status":0,"bi_followers_count":177,"lang":"zh-cn","star":0,"mbtype":0,"mbrank":0,"block_word":0,"block_app":0,"credit_score":80,"user_ability":4,"urank":13},"reposts_count":0,"comments_count":0,"attitudes_count":0,"isLongText":false,"mlevel":0,"visible":{"type":0,"list_id":0},"biz_feature":0,"hasActionTypeCard":0,"darwin_tags":[],"hot_weibo_tags":[],"text_tag_tips":[],"userType":590081,"positive_recom_flag":0,"gif_ids":null,"is_show_bulletin":2}

34096 INFO  [2017-04-25 22:38:20]  Status [user=User [id=6024816711, screenName=二师兄挑白菜, name=二师兄挑白菜, province=35, city=1, location=福建 福州, description=分享最新的天猫折扣商品，总有你喜欢的~想要其它的优惠卷可以任意微博下回复我~, url=, profileImageUrl=http://tva4.sinaimg.cn/crop.9.0.696.696.50/006zJw35gw1faimm5t9o0j30jn0jngok.jpg, userDomain=, gender=m, followersCount=2058, friendsCount=613, statusesCount=2965, favouritesCount=0, createdAt=Fri Dec 02 16:02:17 CST 2016, following=false, verified=false, verifiedType=-1, allowAllActMsg=false, allowAllComment=true, followMe=false, avatarLarge=http://tva4.sinaimg.cn/crop.9.0.696.696.180/006zJw35gw1faimm5t9o0j30jn0jngok.jpg, onlineStatus=0, status=null, biFollowersCount=177, remark=null, lang=zh-cn, verifiedReason=, weihao=, statusId=], idstr=4100551388564807, createdAt=Tue Apr 25 22:38:18 CST 2017, id=4100551388564807, text=【贵茶叶】桐乡杭白菊胎菊花茶
券后：9.9元
20.00元券：http://t.cn/RXH2FXX
下单：http://t.cn/RXH2FXM ​, source=Source [url=http://open.weibo.com, relationShip=nofollow, name=未通过审核应用], favorited=false, truncated=false, inReplyToStatusId=-1, inReplyToUserId=-1, inReplyToScreenName=, thumbnailPic=http://wx2.sinaimg.cn/thumbnail/006zJw35ly1fezaxltu9xj30m80m8431.jpg, bmiddlePic=http://wx2.sinaimg.cn/bmiddle/006zJw35ly1fezaxltu9xj30m80m8431.jpg, originalPic=http://wx2.sinaimg.cn/large/006zJw35ly1fezaxltu9xj30m80m8431.jpg, retweetedStatus=null, geo=null, latitude=-1.0, longitude=-1.0, repostsCount=0, commentsCount=0, mid=4100551388564807, annotations=, mlevel=0, visible=Visible [type=0, list_id=0]]
34111 INFO  [2017-04-25 22:38:20]  当前进度：1/53
34612 DEBUG [2017-04-25 22:38:21]  Producing instance of Job 'jgroup1.job1', class=myWeibo.TimeTask_quartz
34612 DEBUG [2017-04-25 22:38:21]  Calling execute on job jgroup1.job1
34612 DEBUG [2017-04-25 22:38:21]  batch acquisition of 1 triggers
34612 INFO  [2017-04-25 22:38:21]  开始执行定时任务---当前时间：Tue Apr 25 22:38:21 CST 2017
34924 DEBUG [2017-04-25 22:38:21]  Authorization: OAuth2 2.00FDWjZGNFq2GB7ff66f776188PzwB
34924 DEBUG [2017-04-25 22:38:21]  API-RemoteIP: 192.168.5.103
35533 DEBUG [2017-04-25 22:38:21]  Response:
35533 DEBUG [2017-04-25 22:38:21]  https StatusCode:200
35533 DEBUG [2017-04-25 22:38:21]  Server:nginx/1.6.1
35533 DEBUG [2017-04-25 22:38:21]  Date:Tue, 25 Apr 2017 14:38:19 GMT
35533 DEBUG [2017-04-25 22:38:21]  Content-Type:application/json;charset=UTF-8
35533 DEBUG [2017-04-25 22:38:21]  Transfer-Encoding:chunked
35533 DEBUG [2017-04-25 22:38:21]  Connection:keep-alive
35533 DEBUG [2017-04-25 22:38:21]  Api-Server-IP:10.77.9.145
35533 DEBUG [2017-04-25 22:38:21]  Vary:Accept-Encoding
35533 WARN  [2017-04-25 22:38:21]  Going to buffer response body of large or unknown size. Using getResponseBodyAsStream instead is recommended.
35533 DEBUG [2017-04-25 22:38:21]  {"created_at":"Tue Apr 25 22:38:19 +0800 2017","id":4100551392287002,"mid":"4100551392287002","idstr":"4100551392287002","text":"【贵茶叶】桐乡杭白菊胎菊花茶\n券后：9.9元\n20.00元券：http://t.cn/RXH2FXX\n下单：http://t.cn/RXH2FXM ​","textLength":97,"source_allowclick":0,"source_type":1,"source":"<a href=\"http://open.weibo.com\" rel=\"nofollow\">未通过审核应用</a>","favorited":false,"truncated":false,"in_reply_to_status_id":"","in_reply_to_user_id":"","in_reply_to_screen_name":"","pic_urls":[{"thumbnail_pic":"http://wx4.sinaimg.cn/thumbnail/006zJw35ly1fezaxmrtdxj30m80m8431.jpg"}],"thumbnail_pic":"http://wx4.sinaimg.cn/thumbnail/006zJw35ly1fezaxmrtdxj30m80m8431.jpg","bmiddle_pic":"http://wx4.sinaimg.cn/bmiddle/006zJw35ly1fezaxmrtdxj30m80m8431.jpg","original_pic":"http://wx4.sinaimg.cn/large/006zJw35ly1fezaxmrtdxj30m80m8431.jpg","geo":null,"user":{"id":6024816711,"idstr":"6024816711","class":1,"screen_name":"二师兄挑白菜","name":"二师兄挑白菜","province":"35","city":"1","location":"福建 福州","description":"分享最新的天猫折扣商品，总有你喜欢的~想要其它的优惠卷可以任意微博下回复我~","url":"","profile_image_url":"http://tva4.sinaimg.cn/crop.9.0.696.696.50/006zJw35gw1faimm5t9o0j30jn0jngok.jpg","cover_image_phone":"http://ww1.sinaimg.cn/crop.0.0.640.640.640/549d0121tw1egm1kjly3jj20hs0hsq4f.jpg","profile_url":"u/6024816711","domain":"","weihao":"","gender":"m","followers_count":2058,"friends_count":613,"pagefriends_count":0,"statuses_count":2965,"favourites_count":0,"created_at":"Fri Dec 02 16:02:17 +0800 2016","following":false,"allow_all_act_msg":false,"geo_enabled":true,"verified":false,"verified_type":-1,"remark":"","insecurity":{"sexual_content":false},"ptype":0,"allow_all_comment":true,"avatar_large":"http://tva4.sinaimg.cn/crop.9.0.696.696.180/006zJw35gw1faimm5t9o0j30jn0jngok.jpg","avatar_hd":"http://tva4.sinaimg.cn/crop.9.0.696.696.1024/006zJw35gw1faimm5t9o0j30jn0jngok.jpg","verified_reason":"","verified_trade":"","verified_reason_url":"","verified_source":"","verified_source_url":"","follow_me":false,"online_status":0,"bi_followers_count":177,"lang":"zh-cn","star":0,"mbtype":0,"mbrank":0,"block_word":0,"block_app":0,"credit_score":80,"user_ability":4,"urank":13},"reposts_count":0,"comments_count":0,"attitudes_count":0,"isLongText":false,"mlevel":0,"visible":{"type":0,"list_id":0},"biz_feature":0,"hasActionTypeCard":0,"darwin_tags":[],"hot_weibo_tags":[],"text_tag_tips":[],"userType":590081,"positive_recom_flag":0,"gif_ids":null,"is_show_bulletin":2}

35533 INFO  [2017-04-25 22:38:21]  Status [user=User [id=6024816711, screenName=二师兄挑白菜, name=二师兄挑白菜, province=35, city=1, location=福建 福州, description=分享最新的天猫折扣商品，总有你喜欢的~想要其它的优惠卷可以任意微博下回复我~, url=, profileImageUrl=http://tva4.sinaimg.cn/crop.9.0.696.696.50/006zJw35gw1faimm5t9o0j30jn0jngok.jpg, userDomain=, gender=m, followersCount=2058, friendsCount=613, statusesCount=2965, favouritesCount=0, createdAt=Fri Dec 02 16:02:17 CST 2016, following=false, verified=false, verifiedType=-1, allowAllActMsg=false, allowAllComment=true, followMe=false, avatarLarge=http://tva4.sinaimg.cn/crop.9.0.696.696.180/006zJw35gw1faimm5t9o0j30jn0jngok.jpg, onlineStatus=0, status=null, biFollowersCount=177, remark=null, lang=zh-cn, verifiedReason=, weihao=, statusId=], idstr=4100551392287002, createdAt=Tue Apr 25 22:38:19 CST 2017, id=4100551392287002, text=【贵茶叶】桐乡杭白菊胎菊花茶
券后：9.9元
20.00元券：http://t.cn/RXH2FXX
下单：http://t.cn/RXH2FXM ​, source=Source [url=http://open.weibo.com, relationShip=nofollow, name=未通过审核应用], favorited=false, truncated=false, inReplyToStatusId=-1, inReplyToUserId=-1, inReplyToScreenName=, thumbnailPic=http://wx4.sinaimg.cn/thumbnail/006zJw35ly1fezaxmrtdxj30m80m8431.jpg, bmiddlePic=http://wx4.sinaimg.cn/bmiddle/006zJw35ly1fezaxmrtdxj30m80m8431.jpg, originalPic=http://wx4.sinaimg.cn/large/006zJw35ly1fezaxmrtdxj30m80m8431.jpg, retweetedStatus=null, geo=null, latitude=-1.0, longitude=-1.0, repostsCount=0, commentsCount=0, mid=4100551392287002, annotations=, mlevel=0, visible=Visible [type=0, list_id=0]]
35549 INFO  [2017-04-25 22:38:21]  当前进度：1/53
37606 DEBUG [2017-04-25 22:38:24]  Producing instance of Job 'jgroup1.job1', class=myWeibo.TimeTask_quartz
37606 DEBUG [2017-04-25 22:38:24]  Calling execute on job jgroup1.job1
37606 DEBUG [2017-04-25 22:38:24]  batch acquisition of 1 triggers
37606 INFO  [2017-04-25 22:38:24]  开始执行定时任务---当前时间：Tue Apr 25 22:38:24 CST 2017
38418 DEBUG [2017-04-25 22:38:24]  Authorization: OAuth2 2.00FDWjZGNFq2GB7ff66f776188PzwB
38418 DEBUG [2017-04-25 22:38:24]  API-RemoteIP: 192.168.5.103
39106 DEBUG [2017-04-25 22:38:25]  Response:
39106 DEBUG [2017-04-25 22:38:25]  https StatusCode:200
39106 DEBUG [2017-04-25 22:38:25]  Server:nginx/1.6.1
39106 DEBUG [2017-04-25 22:38:25]  Date:Tue, 25 Apr 2017 14:38:23 GMT
39106 DEBUG [2017-04-25 22:38:25]  Content-Type:application/json;charset=UTF-8
39106 DEBUG [2017-04-25 22:38:25]  Transfer-Encoding:chunked
39106 DEBUG [2017-04-25 22:38:25]  Connection:keep-alive
39106 DEBUG [2017-04-25 22:38:25]  Api-Server-IP:10.75.5.94
39106 DEBUG [2017-04-25 22:38:25]  Vary:Accept-Encoding
39106 WARN  [2017-04-25 22:38:25]  Going to buffer response body of large or unknown size. Using getResponseBodyAsStream instead is recommended.
39121 DEBUG [2017-04-25 22:38:25]  {"created_at":"Tue Apr 25 22:38:23 +0800 2017","id":4100551409585154,"mid":"4100551409585154","idstr":"4100551409585154","text":"【贵茶叶】桐乡杭白菊胎菊花茶\n券后：9.9元\n20.00元券：http://t.cn/RXH2FXX\n下单：http://t.cn/RXH2FXM ​","textLength":97,"source_allowclick":0,"source_type":1,"source":"<a href=\"http://open.weibo.com\" rel=\"nofollow\">未通过审核应用</a>","favorited":false,"truncated":false,"in_reply_to_status_id":"","in_reply_to_user_id":"","in_reply_to_screen_name":"","pic_urls":[{"thumbnail_pic":"http://wx4.sinaimg.cn/thumbnail/006zJw35ly1fezaxozfydj30m80m8431.jpg"}],"thumbnail_pic":"http://wx4.sinaimg.cn/thumbnail/006zJw35ly1fezaxozfydj30m80m8431.jpg","bmiddle_pic":"http://wx4.sinaimg.cn/bmiddle/006zJw35ly1fezaxozfydj30m80m8431.jpg","original_pic":"http://wx4.sinaimg.cn/large/006zJw35ly1fezaxozfydj30m80m8431.jpg","geo":null,"user":{"id":6024816711,"idstr":"6024816711","class":1,"screen_name":"二师兄挑白菜","name":"二师兄挑白菜","province":"35","city":"1","location":"福建 福州","description":"分享最新的天猫折扣商品，总有你喜欢的~想要其它的优惠卷可以任意微博下回复我~","url":"","profile_image_url":"http://tva4.sinaimg.cn/crop.9.0.696.696.50/006zJw35gw1faimm5t9o0j30jn0jngok.jpg","cover_image_phone":"http://ww1.sinaimg.cn/crop.0.0.640.640.640/549d0121tw1egm1kjly3jj20hs0hsq4f.jpg","profile_url":"u/6024816711","domain":"","weihao":"","gender":"m","followers_count":2058,"friends_count":613,"pagefriends_count":0,"statuses_count":2965,"favourites_count":0,"created_at":"Fri Dec 02 16:02:17 +0800 2016","following":false,"allow_all_act_msg":false,"geo_enabled":true,"verified":false,"verified_type":-1,"remark":"","insecurity":{"sexual_content":false},"ptype":0,"allow_all_comment":true,"avatar_large":"http://tva4.sinaimg.cn/crop.9.0.696.696.180/006zJw35gw1faimm5t9o0j30jn0jngok.jpg","avatar_hd":"http://tva4.sinaimg.cn/crop.9.0.696.696.1024/006zJw35gw1faimm5t9o0j30jn0jngok.jpg","verified_reason":"","verified_trade":"","verified_reason_url":"","verified_source":"","verified_source_url":"","follow_me":false,"online_status":0,"bi_followers_count":177,"lang":"zh-cn","star":0,"mbtype":0,"mbrank":0,"block_word":0,"block_app":0,"credit_score":80,"user_ability":4,"urank":13},"reposts_count":0,"comments_count":0,"attitudes_count":0,"isLongText":false,"mlevel":0,"visible":{"type":0,"list_id":0},"biz_feature":0,"hasActionTypeCard":0,"darwin_tags":[],"hot_weibo_tags":[],"text_tag_tips":[],"userType":590081,"positive_recom_flag":0,"gif_ids":null,"is_show_bulletin":2}

39121 INFO  [2017-04-25 22:38:25]  Status [user=User [id=6024816711, screenName=二师兄挑白菜, name=二师兄挑白菜, province=35, city=1, location=福建 福州, description=分享最新的天猫折扣商品，总有你喜欢的~想要其它的优惠卷可以任意微博下回复我~, url=, profileImageUrl=http://tva4.sinaimg.cn/crop.9.0.696.696.50/006zJw35gw1faimm5t9o0j30jn0jngok.jpg, userDomain=, gender=m, followersCount=2058, friendsCount=613, statusesCount=2965, favouritesCount=0, createdAt=Fri Dec 02 16:02:17 CST 2016, following=false, verified=false, verifiedType=-1, allowAllActMsg=false, allowAllComment=true, followMe=false, avatarLarge=http://tva4.sinaimg.cn/crop.9.0.696.696.180/006zJw35gw1faimm5t9o0j30jn0jngok.jpg, onlineStatus=0, status=null, biFollowersCount=177, remark=null, lang=zh-cn, verifiedReason=, weihao=, statusId=], idstr=4100551409585154, createdAt=Tue Apr 25 22:38:23 CST 2017, id=4100551409585154, text=【贵茶叶】桐乡杭白菊胎菊花茶
券后：9.9元
20.00元券：http://t.cn/RXH2FXX
下单：http://t.cn/RXH2FXM ​, source=Source [url=http://open.weibo.com, relationShip=nofollow, name=未通过审核应用], favorited=false, truncated=false, inReplyToStatusId=-1, inReplyToUserId=-1, inReplyToScreenName=, thumbnailPic=http://wx4.sinaimg.cn/thumbnail/006zJw35ly1fezaxozfydj30m80m8431.jpg, bmiddlePic=http://wx4.sinaimg.cn/bmiddle/006zJw35ly1fezaxozfydj30m80m8431.jpg, originalPic=http://wx4.sinaimg.cn/large/006zJw35ly1fezaxozfydj30m80m8431.jpg, retweetedStatus=null, geo=null, latitude=-1.0, longitude=-1.0, repostsCount=0, commentsCount=0, mid=4100551409585154, annotations=, mlevel=0, visible=Visible [type=0, list_id=0]]
39121 INFO  [2017-04-25 22:38:25]  当前进度：1/53
40606 DEBUG [2017-04-25 22:38:27]  Producing instance of Job 'jgroup1.job1', class=myWeibo.TimeTask_quartz
40606 DEBUG [2017-04-25 22:38:27]  Calling execute on job jgroup1.job1
40606 INFO  [2017-04-25 22:38:27]  开始执行定时任务---当前时间：Tue Apr 25 22:38:27 CST 2017
41028 DEBUG [2017-04-25 22:38:27]  Authorization: OAuth2 2.00FDWjZGNFq2GB7ff66f776188PzwB
41028 DEBUG [2017-04-25 22:38:27]  API-RemoteIP: 192.168.5.103
